<?xml version="1.0" encoding="UTF-8"?>
<!-- Generated by org.testng.reporters.JUnitReportReporter -->
<testsuite skipped="0" hostname="Tyss-SR-021" name="com.google.gmail.testscripts.TC001" tests="2" failures="0" timestamp="2020-11-19T07:53:45 IST" time="63.377" errors="0">
  <testcase name="testProductIsDiplayedInODP" time="38.020" classname="com.google.gmail.testscripts.TC001"/>
  <system-out/>
  <testcase name="testProductIsDiplayedInODP" time="25.357" classname="com.google.gmail.testscripts.TC001"/>
  <system-out/>
</testsuite> <!-- com.google.gmail.testscripts.TC001 -->
